<?xml version="1.0" encoding="UTF-8"?>
<testng-results skipped="0" failed="0" ignored="0" total="1" passed="1">
  <reporter-output>
    <line>
      <![CDATA[Successfully Launched Chrome Browser]]>
    </line>
    <line>
      <![CDATA[Browser window is maximized successfully]]>
    </line>
    <line>
      <![CDATA[ApperalShoes page should be displayed]]>
    </line>
    <line>
      <![CDATA[Jeans page should be displayed]]>
    </line>
  </reporter-output>
  <suite name="Default suite" duration-ms="10705" started-at="2022-03-02T08:28:48 EST" finished-at="2022-03-02T08:28:59 EST">
    <groups>
    </groups>
    <test name="Default test" duration-ms="10705" started-at="2022-03-02T08:28:48 EST" finished-at="2022-03-02T08:28:59 EST">
      <class name="computers.TC_ID_038">
        <test-method status="PASS" signature="openTheBrowser(java.lang.String)[pri:0, instance:computers.TC_ID_038@11438d26]" name="openTheBrowser" is-config="true" duration-ms="2318" started-at="2022-03-02T08:28:48 EST" finished-at="2022-03-02T08:28:50 EST">
          <params>
            <param index="0">
              <value>
                <![CDATA[chrome]]>
              </value>
            </param>
          </params>
          <reporter-output>
            <line>
              <![CDATA[Successfully Launched Chrome Browser]]>
            </line>
            <line>
              <![CDATA[Browser window is maximized successfully]]>
            </line>
          </reporter-output>
        </test-method> <!-- openTheBrowser -->
        <test-method status="PASS" signature="loginToApplication()[pri:0, instance:computers.TC_ID_038@11438d26]" name="loginToApplication" is-config="true" duration-ms="2823" started-at="2022-03-02T08:28:50 EST" finished-at="2022-03-02T08:28:53 EST">
          <reporter-output>
          </reporter-output>
        </test-method> <!-- loginToApplication -->
        <test-method status="PASS" signature="addcart()[pri:0, instance:computers.TC_ID_038@11438d26]" name="addcart" duration-ms="3966" started-at="2022-03-02T08:28:53 EST" finished-at="2022-03-02T08:28:57 EST">
          <reporter-output>
            <line>
              <![CDATA[ApperalShoes page should be displayed]]>
            </line>
            <line>
              <![CDATA[Jeans page should be displayed]]>
            </line>
          </reporter-output>
        </test-method> <!-- addcart -->
        <test-method status="PASS" signature="logoutOfApplication()[pri:0, instance:computers.TC_ID_038@11438d26]" name="logoutOfApplication" is-config="true" duration-ms="846" started-at="2022-03-02T08:28:57 EST" finished-at="2022-03-02T08:28:58 EST">
          <reporter-output>
          </reporter-output>
        </test-method> <!-- logoutOfApplication -->
        <test-method status="PASS" signature="closeTheBrowser()[pri:0, instance:computers.TC_ID_038@11438d26]" name="closeTheBrowser" is-config="true" duration-ms="697" started-at="2022-03-02T08:28:58 EST" finished-at="2022-03-02T08:28:59 EST">
          <reporter-output>
          </reporter-output>
        </test-method> <!-- closeTheBrowser -->
      </class> <!-- computers.TC_ID_038 -->
    </test> <!-- Default test -->
  </suite> <!-- Default suite -->
</testng-results>
